{"/Users/linnettewanjiru/Desktop/ki-news/src/scripts/components/App.js": {"path":"/Users/linnettewanjiru/Desktop/ki-news/src/scripts/components/App.js","statementMap":{"0":{"start":{"line":5,"column":12},"end":{"line":14,"column":3}},"1":{"start":{"line":6,"column":2},"end":{"line":13,"column":8}}},"fnMap":{"0":{"name":"(anonymous_0)","decl":{"start":{"line":5,"column":12},"end":{"line":5,"column":13}},"loc":{"start":{"line":6,"column":2},"end":{"line":13,"column":8}},"line":6}},"branchMap":{},"s":{"0":1,"1":1},"f":{"0":1},"b":{},"_coverageSchema":"332fd63041d2c1bcb487cc26dd0d5f7d97098a6c","hash":"483effc5dcdb5168773ea61216e5af2354bcb5b7"}
,"/Users/linnettewanjiru/Desktop/ki-news/src/scripts/components/Articles.js": {"path":"/Users/linnettewanjiru/Desktop/ki-news/src/scripts/components/Articles.js","statementMap":{"0":{"start":{"line":12,"column":4},"end":{"line":12,"column":12}},"1":{"start":{"line":13,"column":4},"end":{"line":15,"column":6}},"2":{"start":{"line":19,"column":28},"end":{"line":19,"column":38}},"3":{"start":{"line":20,"column":23},"end":{"line":20,"column":26}},"4":{"start":{"line":21,"column":4},"end":{"line":40,"column":6}},"5":{"start":{"line":26,"column":10},"end":{"line":38,"column":16}},"6":{"start":{"line":43,"column":0},"end":{"line":45,"column":2}}},"fnMap":{"0":{"name":"(anonymous_0)","decl":{"start":{"line":11,"column":2},"end":{"line":11,"column":3}},"loc":{"start":{"line":11,"column":16},"end":{"line":16,"column":3}},"line":11},"1":{"name":"(anonymous_1)","decl":{"start":{"line":18,"column":2},"end":{"line":18,"column":3}},"loc":{"start":{"line":18,"column":11},"end":{"line":41,"column":3}},"line":18},"2":{"name":"(anonymous_2)","decl":{"start":{"line":25,"column":56},"end":{"line":25,"column":57}},"loc":{"start":{"line":26,"column":10},"end":{"line":38,"column":16}},"line":26}},"branchMap":{"0":{"loc":{"start":{"line":25,"column":9},"end":{"line":38,"column":18}},"type":"binary-expr","locations":[{"start":{"line":25,"column":9},"end":{"line":25,"column":28}},{"start":{"line":25,"column":32},"end":{"line":38,"column":18}}],"line":25}},"s":{"0":2,"1":2,"2":2,"3":2,"4":2,"5":0,"6":3},"f":{"0":2,"1":2,"2":0},"b":{"0":[2,0]},"_coverageSchema":"332fd63041d2c1bcb487cc26dd0d5f7d97098a6c","hash":"fc1cb76b9ecbad928276be5e734a1d75379264ec"}
,"/Users/linnettewanjiru/Desktop/ki-news/src/scripts/components/Header.js": {"path":"/Users/linnettewanjiru/Desktop/ki-news/src/scripts/components/Header.js","statementMap":{"0":{"start":{"line":4,"column":15},"end":{"line":21,"column":1}},"1":{"start":{"line":5,"column":17},"end":{"line":5,"column":30}},"2":{"start":{"line":6,"column":2},"end":{"line":20,"column":4}}},"fnMap":{"0":{"name":"(anonymous_0)","decl":{"start":{"line":4,"column":15},"end":{"line":4,"column":16}},"loc":{"start":{"line":4,"column":21},"end":{"line":21,"column":1}},"line":4}},"branchMap":{},"s":{"0":2,"1":1,"2":1},"f":{"0":1},"b":{},"_coverageSchema":"332fd63041d2c1bcb487cc26dd0d5f7d97098a6c","hash":"be2aa4e0a2c1e5dfe300c1811a779725bdacb02c"}
,"/Users/linnettewanjiru/Desktop/ki-news/src/scripts/components/Login.js": {"path":"/Users/linnettewanjiru/Desktop/ki-news/src/scripts/components/Login.js","statementMap":{"0":{"start":{"line":7,"column":20},"end":{"line":7,"column":48}},"1":{"start":{"line":8,"column":4},"end":{"line":8,"column":25}},"2":{"start":{"line":13,"column":4},"end":{"line":23,"column":6}}},"fnMap":{"0":{"name":"(anonymous_0)","decl":{"start":{"line":6,"column":2},"end":{"line":6,"column":3}},"loc":{"start":{"line":6,"column":29},"end":{"line":10,"column":3}},"line":6},"1":{"name":"(anonymous_1)","decl":{"start":{"line":12,"column":2},"end":{"line":12,"column":3}},"loc":{"start":{"line":12,"column":11},"end":{"line":24,"column":3}},"line":12}},"branchMap":{},"s":{"0":0,"1":0,"2":3},"f":{"0":0,"1":3},"b":{},"_coverageSchema":"332fd63041d2c1bcb487cc26dd0d5f7d97098a6c","hash":"f468b2e8142ebe2e65f0e2cfdda62158d0053211"}
,"/Users/linnettewanjiru/Desktop/ki-news/src/scripts/components/Sources.js": {"path":"/Users/linnettewanjiru/Desktop/ki-news/src/scripts/components/Sources.js","statementMap":{"0":{"start":{"line":12,"column":4},"end":{"line":12,"column":12}},"1":{"start":{"line":13,"column":4},"end":{"line":18,"column":6}},"2":{"start":{"line":20,"column":4},"end":{"line":20,"column":45}},"3":{"start":{"line":21,"column":4},"end":{"line":21,"column":53}},"4":{"start":{"line":22,"column":4},"end":{"line":22,"column":55}},"5":{"start":{"line":25,"column":4},"end":{"line":25,"column":24}},"6":{"start":{"line":29,"column":4},"end":{"line":29,"column":32}},"7":{"start":{"line":34,"column":4},"end":{"line":36,"column":7}},"8":{"start":{"line":35,"column":6},"end":{"line":35,"column":27}},"9":{"start":{"line":42,"column":16},"end":{"line":42,"column":48}},"10":{"start":{"line":43,"column":4},"end":{"line":47,"column":7}},"11":{"start":{"line":44,"column":6},"end":{"line":46,"column":9}},"12":{"start":{"line":53,"column":16},"end":{"line":53,"column":117}},"13":{"start":{"line":54,"column":4},"end":{"line":58,"column":7}},"14":{"start":{"line":55,"column":6},"end":{"line":57,"column":9}},"15":{"start":{"line":63,"column":16},"end":{"line":63,"column":119}},"16":{"start":{"line":64,"column":4},"end":{"line":68,"column":7}},"17":{"start":{"line":65,"column":6},"end":{"line":67,"column":9}},"18":{"start":{"line":72,"column":4},"end":{"line":74,"column":7}},"19":{"start":{"line":78,"column":24},"end":{"line":80,"column":7}},"20":{"start":{"line":79,"column":16},"end":{"line":79,"column":89}},"21":{"start":{"line":81,"column":23},"end":{"line":81,"column":36}},"22":{"start":{"line":82,"column":4},"end":{"line":114,"column":6}},"23":{"start":{"line":98,"column":14},"end":{"line":105,"column":20}},"24":{"start":{"line":99,"column":41},"end":{"line":99,"column":66}}},"fnMap":{"0":{"name":"(anonymous_0)","decl":{"start":{"line":11,"column":2},"end":{"line":11,"column":3}},"loc":{"start":{"line":11,"column":16},"end":{"line":23,"column":3}},"line":11},"1":{"name":"(anonymous_1)","decl":{"start":{"line":24,"column":2},"end":{"line":24,"column":3}},"loc":{"start":{"line":24,"column":23},"end":{"line":26,"column":3}},"line":24},"2":{"name":"(anonymous_2)","decl":{"start":{"line":28,"column":2},"end":{"line":28,"column":3}},"loc":{"start":{"line":28,"column":22},"end":{"line":30,"column":3}},"line":28},"3":{"name":"(anonymous_3)","decl":{"start":{"line":32,"column":2},"end":{"line":32,"column":3}},"loc":{"start":{"line":32,"column":15},"end":{"line":37,"column":3}},"line":32},"4":{"name":"(anonymous_4)","decl":{"start":{"line":34,"column":36},"end":{"line":34,"column":37}},"loc":{"start":{"line":34,"column":42},"end":{"line":36,"column":5}},"line":34},"5":{"name":"(anonymous_5)","decl":{"start":{"line":39,"column":2},"end":{"line":39,"column":3}},"loc":{"start":{"line":39,"column":17},"end":{"line":48,"column":3}},"line":39},"6":{"name":"(anonymous_6)","decl":{"start":{"line":43,"column":26},"end":{"line":43,"column":27}},"loc":{"start":{"line":43,"column":40},"end":{"line":47,"column":5}},"line":43},"7":{"name":"(anonymous_7)","decl":{"start":{"line":50,"column":2},"end":{"line":50,"column":3}},"loc":{"start":{"line":50,"column":25},"end":{"line":59,"column":3}},"line":50},"8":{"name":"(anonymous_8)","decl":{"start":{"line":54,"column":26},"end":{"line":54,"column":27}},"loc":{"start":{"line":54,"column":40},"end":{"line":58,"column":5}},"line":54},"9":{"name":"(anonymous_9)","decl":{"start":{"line":61,"column":2},"end":{"line":61,"column":3}},"loc":{"start":{"line":61,"column":18},"end":{"line":69,"column":3}},"line":61},"10":{"name":"(anonymous_10)","decl":{"start":{"line":64,"column":26},"end":{"line":64,"column":27}},"loc":{"start":{"line":64,"column":40},"end":{"line":68,"column":5}},"line":64},"11":{"name":"(anonymous_11)","decl":{"start":{"line":71,"column":2},"end":{"line":71,"column":3}},"loc":{"start":{"line":71,"column":22},"end":{"line":75,"column":3}},"line":71},"12":{"name":"(anonymous_12)","decl":{"start":{"line":77,"column":2},"end":{"line":77,"column":3}},"loc":{"start":{"line":77,"column":11},"end":{"line":115,"column":3}},"line":77},"13":{"name":"(anonymous_13)","decl":{"start":{"line":79,"column":6},"end":{"line":79,"column":7}},"loc":{"start":{"line":79,"column":16},"end":{"line":79,"column":89}},"line":79},"14":{"name":"(anonymous_14)","decl":{"start":{"line":97,"column":51},"end":{"line":97,"column":52}},"loc":{"start":{"line":98,"column":14},"end":{"line":105,"column":20}},"line":98},"15":{"name":"(anonymous_15)","decl":{"start":{"line":99,"column":33},"end":{"line":99,"column":34}},"loc":{"start":{"line":99,"column":39},"end":{"line":99,"column":68}},"line":99}},"branchMap":{"0":{"loc":{"start":{"line":97,"column":13},"end":{"line":106,"column":14}},"type":"binary-expr","locations":[{"start":{"line":97,"column":13},"end":{"line":97,"column":31}},{"start":{"line":97,"column":35},"end":{"line":106,"column":14}}],"line":97},"1":{"loc":{"start":{"line":111,"column":11},"end":{"line":111,"column":77}},"type":"binary-expr","locations":[{"start":{"line":111,"column":11},"end":{"line":111,"column":30}},{"start":{"line":111,"column":34},"end":{"line":111,"column":77}}],"line":111}},"s":{"0":1,"1":1,"2":1,"3":1,"4":1,"5":1,"6":0,"7":0,"8":0,"9":1,"10":1,"11":0,"12":0,"13":0,"14":0,"15":0,"16":0,"17":0,"18":0,"19":1,"20":0,"21":1,"22":1,"23":0,"24":0},"f":{"0":1,"1":1,"2":0,"3":0,"4":0,"5":1,"6":0,"7":0,"8":0,"9":0,"10":0,"11":0,"12":1,"13":0,"14":0,"15":0},"b":{"0":[1,1],"1":[1,0]},"_coverageSchema":"332fd63041d2c1bcb487cc26dd0d5f7d97098a6c","hash":"d0a35b95a48318e569237e4a9e4b40b9c6e27708"}
,"/Users/linnettewanjiru/Desktop/ki-news/src/scripts/components/showArticle.js": {"path":"/Users/linnettewanjiru/Desktop/ki-news/src/scripts/components/showArticle.js","statementMap":{"0":{"start":{"line":6,"column":4},"end":{"line":6,"column":12}},"1":{"start":{"line":7,"column":4},"end":{"line":9,"column":6}},"2":{"start":{"line":10,"column":4},"end":{"line":10,"column":51}},"3":{"start":{"line":14,"column":4},"end":{"line":16,"column":7}},"4":{"start":{"line":20,"column":21},"end":{"line":20,"column":81}},"5":{"start":{"line":21,"column":4},"end":{"line":23,"column":5}},"6":{"start":{"line":22,"column":6},"end":{"line":22,"column":33}},"7":{"start":{"line":24,"column":4},"end":{"line":42,"column":6}}},"fnMap":{"0":{"name":"(anonymous_0)","decl":{"start":{"line":5,"column":2},"end":{"line":5,"column":3}},"loc":{"start":{"line":5,"column":16},"end":{"line":11,"column":3}},"line":5},"1":{"name":"(anonymous_1)","decl":{"start":{"line":13,"column":2},"end":{"line":13,"column":3}},"loc":{"start":{"line":13,"column":16},"end":{"line":17,"column":3}},"line":13},"2":{"name":"(anonymous_2)","decl":{"start":{"line":19,"column":2},"end":{"line":19,"column":3}},"loc":{"start":{"line":19,"column":11},"end":{"line":43,"column":3}},"line":19}},"branchMap":{"0":{"loc":{"start":{"line":21,"column":4},"end":{"line":23,"column":5}},"type":"if","locations":[{"start":{"line":21,"column":4},"end":{"line":23,"column":5}},{"start":{"line":21,"column":4},"end":{"line":23,"column":5}}],"line":21}},"s":{"0":0,"1":0,"2":0,"3":0,"4":0,"5":0,"6":0,"7":0},"f":{"0":0,"1":0,"2":0},"b":{"0":[0,0]},"_coverageSchema":"332fd63041d2c1bcb487cc26dd0d5f7d97098a6c","hash":"077036971036a74b6cc8cb3d0f33483275123d09"}
,"/Users/linnettewanjiru/Desktop/ki-news/src/scripts/components/showIframe.js": {"path":"/Users/linnettewanjiru/Desktop/ki-news/src/scripts/components/showIframe.js","statementMap":{"0":{"start":{"line":3,"column":19},"end":{"line":7,"column":1}},"1":{"start":{"line":4,"column":2},"end":{"line":6,"column":8}}},"fnMap":{"0":{"name":"(anonymous_0)","decl":{"start":{"line":3,"column":19},"end":{"line":3,"column":20}},"loc":{"start":{"line":4,"column":2},"end":{"line":6,"column":8}},"line":4}},"branchMap":{},"s":{"0":5,"1":2},"f":{"0":2},"b":{},"_coverageSchema":"332fd63041d2c1bcb487cc26dd0d5f7d97098a6c","hash":"cefe8d03aa4d4283bd638899cac56d29a8d1b3e6"}
}
