{"/Users/linnettewanjiru/Desktop/ki-news/src/scripts/components/Login.jsx": {"path":"/Users/linnettewanjiru/Desktop/ki-news/src/scripts/components/Login.jsx","statementMap":{"0":{"start":{"line":7,"column":20},"end":{"line":7,"column":61}},"1":{"start":{"line":10,"column":4},"end":{"line":20,"column":6}}},"fnMap":{"0":{"name":"(anonymous_0)","decl":{"start":{"line":6,"column":2},"end":{"line":6,"column":3}},"loc":{"start":{"line":6,"column":19},"end":{"line":8,"column":3}},"line":6},"1":{"name":"(anonymous_1)","decl":{"start":{"line":9,"column":2},"end":{"line":9,"column":3}},"loc":{"start":{"line":9,"column":11},"end":{"line":21,"column":3}},"line":9}},"branchMap":{},"s":{"0":0,"1":1},"f":{"0":0,"1":1},"b":{},"_coverageSchema":"332fd63041d2c1bcb487cc26dd0d5f7d97098a6c","hash":"621bb437634a184c2f4b7a1085467e95919025a2"}
}
