TN:
SF:/Users/linnettewanjiru/Desktop/ki-news/src/scripts/components/App.js
FN:5,(anonymous_0)
FNF:1
FNH:1
FNDA:1,(anonymous_0)
DA:5,1
DA:6,1
LF:2
LH:2
BRF:0
BRH:0
end_of_record
TN:
SF:/Users/linnettewanjiru/Desktop/ki-news/src/scripts/components/Articles.js
FN:11,(anonymous_0)
FN:18,(anonymous_1)
FN:25,(anonymous_2)
FNF:3
FNH:2
FNDA:2,(anonymous_0)
FNDA:2,(anonymous_1)
FNDA:0,(anonymous_2)
DA:12,2
DA:13,2
DA:19,2
DA:20,2
DA:21,2
DA:26,0
DA:43,3
LF:7
LH:6
BRDA:25,0,0,2
BRDA:25,0,1,0
BRF:2
BRH:1
end_of_record
TN:
SF:/Users/linnettewanjiru/Desktop/ki-news/src/scripts/components/Header.js
FN:4,(anonymous_0)
FNF:1
FNH:1
FNDA:1,(anonymous_0)
DA:4,2
DA:5,1
DA:6,1
LF:3
LH:3
BRF:0
BRH:0
end_of_record
TN:
SF:/Users/linnettewanjiru/Desktop/ki-news/src/scripts/components/Login.js
FN:6,(anonymous_0)
FN:12,(anonymous_1)
FNF:2
FNH:1
FNDA:0,(anonymous_0)
FNDA:3,(anonymous_1)
DA:7,0
DA:8,0
DA:13,3
LF:3
LH:1
BRF:0
BRH:0
end_of_record
TN:
SF:/Users/linnettewanjiru/Desktop/ki-news/src/scripts/components/Sources.js
FN:11,(anonymous_0)
FN:24,(anonymous_1)
FN:28,(anonymous_2)
FN:32,(anonymous_3)
FN:34,(anonymous_4)
FN:39,(anonymous_5)
FN:43,(anonymous_6)
FN:50,(anonymous_7)
FN:54,(anonymous_8)
FN:61,(anonymous_9)
FN:64,(anonymous_10)
FN:71,(anonymous_11)
FN:77,(anonymous_12)
FN:79,(anonymous_13)
FN:97,(anonymous_14)
FN:99,(anonymous_15)
FNF:16
FNH:4
FNDA:1,(anonymous_0)
FNDA:1,(anonymous_1)
FNDA:0,(anonymous_2)
FNDA:0,(anonymous_3)
FNDA:0,(anonymous_4)
FNDA:1,(anonymous_5)
FNDA:0,(anonymous_6)
FNDA:0,(anonymous_7)
FNDA:0,(anonymous_8)
FNDA:0,(anonymous_9)
FNDA:0,(anonymous_10)
FNDA:0,(anonymous_11)
FNDA:1,(anonymous_12)
FNDA:0,(anonymous_13)
FNDA:0,(anonymous_14)
FNDA:0,(anonymous_15)
DA:12,1
DA:13,1
DA:20,1
DA:21,1
DA:22,1
DA:25,1
DA:29,0
DA:34,0
DA:35,0
DA:42,1
DA:43,1
DA:44,0
DA:53,0
DA:54,0
DA:55,0
DA:63,0
DA:64,0
DA:65,0
DA:72,0
DA:78,1
DA:79,0
DA:81,1
DA:82,1
DA:98,0
DA:99,0
LF:25
LH:11
BRDA:97,0,0,1
BRDA:97,0,1,1
BRDA:111,1,0,1
BRDA:111,1,1,0
BRF:4
BRH:3
end_of_record
TN:
SF:/Users/linnettewanjiru/Desktop/ki-news/src/scripts/components/showArticle.js
FN:5,(anonymous_0)
FN:13,(anonymous_1)
FN:19,(anonymous_2)
FNF:3
FNH:0
FNDA:0,(anonymous_0)
FNDA:0,(anonymous_1)
FNDA:0,(anonymous_2)
DA:6,0
DA:7,0
DA:10,0
DA:14,0
DA:20,0
DA:21,0
DA:22,0
DA:24,0
LF:8
LH:0
BRDA:21,0,0,0
BRDA:21,0,1,0
BRF:2
BRH:0
end_of_record
TN:
SF:/Users/linnettewanjiru/Desktop/ki-news/src/scripts/components/showIframe.js
FN:3,(anonymous_0)
FNF:1
FNH:1
FNDA:2,(anonymous_0)
DA:3,5
DA:4,2
LF:2
LH:2
BRF:0
BRH:0
end_of_record
