TN:
SF:/Users/linnettewanjiru/Desktop/ki-news/src/scripts/components/App.js
FN:5,(anonymous_0)
FNF:1
FNH:1
FNDA:1,(anonymous_0)
DA:5,1
DA:6,1
LF:2
LH:2
BRF:0
BRH:0
end_of_record
TN:
SF:/Users/linnettewanjiru/Desktop/ki-news/src/scripts/components/Articles.js
FN:11,(anonymous_0)
FN:18,(anonymous_1)
FN:26,(anonymous_2)
FNF:3
FNH:3
FNDA:3,(anonymous_0)
FNDA:3,(anonymous_1)
FNDA:1,(anonymous_2)
DA:12,3
DA:13,3
DA:19,3
DA:20,3
DA:21,3
DA:27,1
DA:45,3
DA:48,3
LF:8
LH:8
BRDA:26,0,0,3
BRDA:26,0,1,1
BRF:2
BRH:2
end_of_record
TN:
SF:/Users/linnettewanjiru/Desktop/ki-news/src/scripts/components/Header.js
FN:4,(anonymous_0)
FNF:1
FNH:1
FNDA:1,(anonymous_0)
DA:4,2
DA:5,1
DA:6,1
LF:3
LH:3
BRF:0
BRH:0
end_of_record
TN:
SF:/Users/linnettewanjiru/Desktop/ki-news/src/scripts/components/Login.js
FN:6,(anonymous_0)
FN:12,(anonymous_1)
FNF:2
FNH:1
FNDA:0,(anonymous_0)
FNDA:3,(anonymous_1)
DA:7,0
DA:8,0
DA:13,3
LF:3
LH:1
BRF:0
BRH:0
end_of_record
TN:
SF:/Users/linnettewanjiru/Desktop/ki-news/src/scripts/components/Sources.js
FN:38,(anonymous_0)
FN:60,(anonymous_1)
FN:66,(anonymous_2)
FN:67,(anonymous_3)
FN:73,(anonymous_4)
FN:75,(anonymous_5)
FN:81,(anonymous_6)
FN:84,(anonymous_7)
FN:92,(anonymous_8)
FN:94,(anonymous_9)
FN:97,(anonymous_10)
FN:108,(anonymous_11)
FN:114,(anonymous_12)
FN:124,(anonymous_13)
FN:128,(anonymous_14)
FN:155,(anonymous_15)
FN:166,(anonymous_16)
FN:175,(anonymous_17)
FN:177,(anonymous_18)
FNF:19
FNH:7
FNDA:2,(anonymous_0)
FNDA:2,(anonymous_1)
FNDA:0,(anonymous_2)
FNDA:0,(anonymous_3)
FNDA:2,(anonymous_4)
FNDA:0,(anonymous_5)
FNDA:2,(anonymous_6)
FNDA:0,(anonymous_7)
FNDA:0,(anonymous_8)
FNDA:0,(anonymous_9)
FNDA:0,(anonymous_10)
FNDA:0,(anonymous_11)
FNDA:2,(anonymous_12)
FNDA:0,(anonymous_13)
FNDA:0,(anonymous_14)
FNDA:6,(anonymous_15)
FNDA:6,(anonymous_16)
FNDA:0,(anonymous_17)
FNDA:0,(anonymous_18)
DA:5,2
DA:39,2
DA:40,2
DA:52,2
DA:53,2
DA:54,2
DA:55,2
DA:56,2
DA:61,2
DA:62,2
DA:67,0
DA:68,0
DA:74,2
DA:75,2
DA:76,0
DA:83,2
DA:84,2
DA:85,0
DA:93,0
DA:94,0
DA:95,0
DA:97,0
DA:98,0
DA:101,0
DA:109,0
DA:121,2
DA:123,2
DA:124,0
DA:127,2
DA:128,0
DA:130,2
DA:131,2
DA:133,2
DA:156,6
DA:167,6
DA:176,0
DA:177,0
LF:37
LH:22
BRDA:175,0,0,2
BRDA:175,0,1,2
BRDA:189,1,0,2
BRDA:189,1,1,0
BRF:4
BRH:3
end_of_record
TN:
SF:/Users/linnettewanjiru/Desktop/ki-news/src/scripts/components/showArticle.js
FN:5,(anonymous_0)
FN:13,(anonymous_1)
FN:19,(anonymous_2)
FNF:3
FNH:3
FNDA:5,(anonymous_0)
FNDA:1,(anonymous_1)
FNDA:6,(anonymous_2)
DA:6,5
DA:7,5
DA:10,5
DA:14,1
DA:20,6
DA:21,6
DA:22,1
DA:25,6
LF:8
LH:8
BRDA:21,0,0,1
BRDA:21,0,1,5
BRF:2
BRH:2
end_of_record
TN:
SF:/Users/linnettewanjiru/Desktop/ki-news/src/scripts/components/showIframe.js
FN:3,(anonymous_0)
FNF:1
FNH:1
FNDA:4,(anonymous_0)
DA:3,6
DA:4,4
LF:2
LH:2
BRF:0
BRH:0
end_of_record
